#
# A fatal error has been detected by the Java Runtime Environment:
#
#  SIGILL (0x4) at pc=0x00007f68fabdbf6b, pid=10216, tid=140088838104832
#
# JRE version: 6.0_38-b05
# Java VM: Java HotSpot(TM) 64-Bit Server VM (20.13-b02 mixed mode linux-amd64 compressed oops)
# Problematic frame:
# C  [libpthread.so.0+0x11f6b]  __lll_lock_elision+0x4b
#
# If you would like to submit a bug report, please visit:
#   http://java.sun.com/webapps/bugreport/crash.jsp
# The crash happened outside the Java Virtual Machine in native code.
# See problematic frame for where to report the bug.
#

---------------  T H R E A D  ---------------

Current thread (0x00007f68f4008000):  JavaThread "main" [_thread_in_native, id=10222, stack(0x00007f68f95ea000,0x00007f68f96eb000)]

siginfo:si_signo=SIGILL: si_errno=0, si_code=2 (ILL_ILLOPN), si_addr=0x00007f68fabdbf6b

Registers:
RAX=0x00000000ffffffff, RBX=0x0000000000000020, RCX=0x0000000000000003, RDX=0x0000000000000080
RSP=0x00007f68f96e7cc8, RBP=0x0000000000000000, RSI=0x00007f68f400013e, RDI=0x00000000ffffffff
R8 =0x00007f68f4000128, R9 =0x00007f68f4000128, R10=0x00007f68f96e7cb0, R11=0x00007f68d0839c80
R12=0x0000000000000000, R13=0x0000000000000000, R14=0x00007f68f96e7e60, R15=0x00007f68f4000108
RIP=0x00007f68fabdbf6b, EFLAGS=0x0000000000010206, CSGSFS=0x0000000000000033, ERR=0x0000000000000000
  TRAPNO=0x0000000000000006

Top of Stack: (sp=0x00007f68f96e7cc8)
0x00007f68f96e7cc8:   00007f68d0839cc4 00007f68f4000150
0x00007f68f96e7cd8:   00007f68f4000128 0000000000000000
0x00007f68f96e7ce8:   0000000000000000 00007f68f96e7e60
0x00007f68f96e7cf8:   00007f68f96e7d70 00007f680000000e
0x00007f68f96e7d08:   00007f6800000000 0000003000000018
0x00007f68f96e7d18:   00007f68f96e7e60 00007f68f96e7d70
0x00007f68f96e7d28:   0000000000000020 00007f68f96e7d60
0x00007f68f96e7d38:   00007f68f96e7e90 00007f68f96e7f50
0x00007f68f96e7d48:   00007f68f96e7e60 0000000000000000
0x00007f68f96e7d58:   00007f68d0a5a034 0000000000000000
0x00007f68f96e7d68:   00007f68f96e84d0 00007f68f96e7e40
0x00007f68f96e7d78:   00007f68d0a59a61 00007f68f96e7e0c
0x00007f68f96e7d88:   00007f68f96e7df0 00007f68f96e7dc0
0x00007f68f96e7d98:   00007f68f96e7cb0 0000000000000000
0x00007f68f96e7da8:   00007f68f96e7e60 00007f68f96e7e90
0x00007f68f96e7db8:   00007f68d0839c80 00007f68f96e84d0
0x00007f68f96e7dc8:   00007f68f96e7cb0 00007f68f96e7fc0
0x00007f68f96e7dd8:   0000000400000000 0000000000000020
0x00007f68f96e7de8:   00007f68f96e7d60 00007f6800000001
0x00007f68f96e7df8:   00000000d8ce5300 0000000000000001
0x00007f68f96e7e08:   2f9a0c586559f700 00007f68f4008000
0x00007f68f96e7e18:   0000000000000000 0000000000000000
0x00007f68f96e7e28:   00007f68f96e7f50 0000000000000004
0x00007f68f96e7e38:   00007f68f96e7eb0 00007f68f96e84c0
0x00007f68f96e7e48:   00007f68d0a4e211 00007f68f96e7e60
0x00007f68f96e7e58:   00007f68f9ed1b31 00007f68f96e7f30
0x00007f68f96e7e68:   00007f68f96e7f38 00007f68f96e7f40
0x00007f68f96e7e78:   00007f68f96e7f48 00007f68f96e7ed0
0x00007f68f96e7e88:   00007f68f96e8118 00007f68d0a5c590
0x00007f68f96e7e98:   00007f68d0a5c5f0 00007f68d0a5c590
0x00007f68f96e7ea8:   00007f68d0a5c590 00007f68f4008be0
0x00007f68f96e7eb8:   00007f68f4008c80 00007f68f4008fc8 

Instructions: (pc=0x00007f68fabdbf6b)
0x00007f68fabdbf4b:   73 20 00 bf ff ff ff ff 85 c9 7f 12 eb d8 0f 1f
0x00007f68fabdbf5b:   80 00 00 00 00 a8 02 74 24 83 e9 01 74 c8 89 f8
0x00007f68fabdbf6b:   c7 f8 00 00 00 00 83 f8 ff 75 ea 41 8b 00 85 c0
0x00007f68fabdbf7b:   74 c4 c6 f8 ff eb e2 66 0f 1f 44 00 00 a8 01 74 

Register to memory mapping:

RAX=0x00000000ffffffff is an unallocated location in the heap
RBX=0x0000000000000020 is an unknown value
RCX=0x0000000000000003 is an unknown value
RDX=0x0000000000000080 is an unknown value
RSP=0x00007f68f96e7cc8 is pointing into the stack for thread: 0x00007f68f4008000
RBP=0x0000000000000000 is an unknown value
RSI=0x00007f68f400013e is an unknown value
RDI=0x00000000ffffffff is an unallocated location in the heap
R8 =0x00007f68f4000128 is an unknown value
R9 =0x00007f68f4000128 is an unknown value
R10=0x00007f68f96e7cb0 is pointing into the stack for thread: 0x00007f68f4008000
R11=0x00007f68d0839c80: libvlc_event_detach+0 in /usr/lib/libvlc.so.5.4.0 at 0x00007f68d082d000
R12=0x0000000000000000 is an unknown value
R13=0x0000000000000000 is an unknown value
R14=0x00007f68f96e7e60 is pointing into the stack for thread: 0x00007f68f4008000
R15=0x00007f68f4000108 is an unknown value


Stack: [0x00007f68f95ea000,0x00007f68f96eb000],  sp=0x00007f68f96e7cc8,  free space=1015k
Native frames: (J=compiled Java code, j=interpreted, Vv=VM code, C=native code)
C  [libpthread.so.0+0x11f6b]  __lll_lock_elision+0x4b
